-------------------------------------------------------------------------------
Test set: pajeobject.AccessoriesPageTest
-------------------------------------------------------------------------------
Tests run: 1, Failures: 0, Errors: 1, Skipped: 0, Time elapsed: 1.191 s <<< FAILURE! - in pajeobject.AccessoriesPageTest
pajeobject.AccessoriesPageTest  Time elapsed: 1.189 s  <<< ERROR!
java.lang.IllegalStateException: No webdriver is bound to current thread: 1. You need to call open(url) first.
	at pajeobject.AccessoriesPageTest.navigateToOnlinerFindAccessoriesTabAndClick(AccessoriesPageTest.java:21)

