-------------------------------------------------------------------------------
Test set: pajeobject.ComputersAndNetworksPageTest
-------------------------------------------------------------------------------
Tests run: 1, Failures: 0, Errors: 1, Skipped: 0, Time elapsed: 0.014 s <<< FAILURE! - in pajeobject.ComputersAndNetworksPageTest
pajeobject.ComputersAndNetworksPageTest  Time elapsed: 0.014 s  <<< ERROR!
java.lang.IllegalStateException: No webdriver is bound to current thread: 1. You need to call open(url) first.
	at pajeobject.ComputersAndNetworksPageTest.navigateToOnlinerFindComputersAndNetworksTabAndClick(ComputersAndNetworksPageTest.java:26)

