<?xml version="1.0" encoding="UTF-8"?>
<testsuite xmlns:xsi="http://www.w3.org/2001/XMLSchema-instance" xsi:noNamespaceSchemaLocation="https://maven.apache.org/surefire/maven-surefire-plugin/xsd/surefire-test-report.xsd" name="pajeobject.AccessoriesPageTest" time="39.785" tests="4" errors="0" skipped="0" failures="1">
  <properties>
[...]
</properties>
  <testcase name="testShouldBeFailed" classname="pajeobject.AccessoriesPageTest" time="1.231">
    <failure message="[Not all products contain price] &#10;Expecting no elements of:&#10;  [&quot;1,626 товаров&#10;от 118,78 р.&quot;,&#10;    &quot;1,146 товаров&#10;от 54,78 р.&quot;,&#10;    &quot;1,654 товара&#10;от 133,54 р.&quot;,&#10;    &quot;4,325 товаров&#10;от 34,66 р.&quot;,&#10;    &quot;3,115 товаров&#10;от 2,00 р.&quot;,&#10;    &quot;3,070 товаров&#10;от 61,70 р.&quot;,&#10;    &quot;1,093 товара&#10;от 49,07 р.&quot;,&#10;    &quot;2,702 товара&#10;от 27,56 р.&quot;,&#10;    &quot;1,998 товаров&#10;от 37,23 р.&quot;,&#10;    &quot;85 товаров&#10;от 10,95 р.&quot;,&#10;    &quot;427 товаров&#10;от 11,15 р.&quot;,&#10;    &quot;137 товаров&#10;от 48,35 р.&quot;,&#10;    &quot;29 товаров&#10;от 50,26 р.&quot;]&#10;to match given predicate but this element did:&#10;  &quot;1,626 товаров&#10;от 118,78 р.&quot;" type="java.lang.AssertionError">java.lang.AssertionError: 
[Not all products contain price] 
Expecting no elements of:
  ["1,626 товаров
от 118,78 р.",
    "1,146 товаров
от 54,78 р.",
    "1,654 товара
от 133,54 р.",
    "4,325 товаров
от 34,66 р.",
    "3,115 товаров
от 2,00 р.",
    "3,070 товаров
от 61,70 р.",
    "1,093 товара
от 49,07 р.",
    "2,702 товара
от 27,56 р.",
    "1,998 товаров
от 37,23 р.",
    "85 товаров
от 10,95 р.",
    "427 товаров
от 11,15 р.",
    "137 товаров
от 48,35 р.",
    "29 товаров
от 50,26 р."]
to match given predicate but this element did:
  "1,626 товаров
от 118,78 р."
	at pajeobject.AccessoriesPageTest.testShouldBeFailed(AccessoriesPageTest.java:55)
</failure>
    <system-err><![CDATA[Starting ChromeDriver 98.0.4758.102 (273bf7ac8c909cde36982d27f66f3c70846a3718-refs/branch-heads/4758@{#1151}) on port 34783
Only local connections are allowed.
Please see https://chromedriver.chromium.org/security-considerations for suggestions on keeping ChromeDriver safe.
ChromeDriver was started successfully.
[1648715994.702][WARNING]: This version of ChromeDriver has not been tested with Chrome version 99.
мар. 31, 2022 11:39:54 AM org.openqa.selenium.remote.ProtocolHandshake createSession
INFO: Detected dialect: W3C
]]></system-err>
  </testcase>
  <testcase name="testAllElementsContainQuantity" classname="pajeobject.AccessoriesPageTest" time="0.183"/>
  <testcase name="testAllElementsContainName" classname="pajeobject.AccessoriesPageTest" time="0.252"/>
  <testcase name="testAllElementsContainPrice" classname="pajeobject.AccessoriesPageTest" time="0.177"/>
</testsuite>