<?xml version="1.0" encoding="UTF-8"?>
<testsuite xmlns:xsi="http://www.w3.org/2001/XMLSchema-instance" xsi:noNamespaceSchemaLocation="https://maven.apache.org/surefire/maven-surefire-plugin/xsd/surefire-test-report.xsd" name="rest_api.service.ProductServiceTest" time="5.439" tests="2" errors="0" skipped="0" failures="0">
  <properties>
[...]
</properties>
  <testcase name="testProductNamesOfTypeRollsContainsPrefixRolls" classname="rest_api.service.ProductServiceTest" time="4.763"/>
  <testcase name="testProductNamesAreNotEmpty" classname="rest_api.service.ProductServiceTest" time="0.657"/>
</testsuite>